Build started 12/14/2015 2:16:20 PM.
     1>Project "c:\Users\jkyd\documents\visual studio 2015\Projects\Fractions\Fractions\Fractions.vcxproj" on node 2 (Build target(s)).
     1>ClCompile:
         C:\Program Files (x86)\Microsoft Visual Studio 14.0\VC\bin\CL.exe /c /ZI /nologo /W3 /WX- /sdl /Od /Oy- /D WIN32 /D _DEBUG /D _CONSOLE /D _UNICODE /D UNICODE /Gm /EHsc /RTC1 /MDd /GS /fp:precise /Zc:wchar_t /Zc:forScope /Zc:inline /Yu"stdafx.h" /Fp"Debug\Fractions.pch" /Fo"Debug\\" /Fd"Debug\vc140.pdb" /Gd /TP /analyze- /errorReport:prompt Frac.cpp Fractions.cpp
         Fractions.cpp
     1>c:\users\jkyd\documents\visual studio 2015\projects\fractions\fractions\fractions.cpp(14): error C2248: 'Frac::~Frac': cannot access private member declared in class 'Frac'
         c:\users\jkyd\documents\visual studio 2015\projects\fractions\fractions\frac.h(17): note: see declaration of 'Frac::~Frac'
         c:\users\jkyd\documents\visual studio 2015\projects\fractions\fractions\frac.h(3): note: see declaration of 'Frac'
         c:\users\jkyd\documents\visual studio 2015\projects\fractions\fractions\frac.h(17): note: see declaration of 'Frac::~Frac'
         c:\users\jkyd\documents\visual studio 2015\projects\fractions\fractions\frac.h(3): note: see declaration of 'Frac'
         Frac.cpp
         Generating Code...
     1>c:\users\jkyd\documents\visual studio 2015\projects\fractions\fractions\frac.cpp(61): error C4716: 'Frac::divide': must return a value
     1>c:\users\jkyd\documents\visual studio 2015\projects\fractions\fractions\frac.cpp(47): error C4716: 'Frac::subtract': must return a value
     1>c:\users\jkyd\documents\visual studio 2015\projects\fractions\fractions\frac.cpp(55): error C4716: 'Frac::multiply': must return a value
     1>Done Building Project "c:\Users\jkyd\documents\visual studio 2015\Projects\Fractions\Fractions\Fractions.vcxproj" (Build target(s)) -- FAILED.

Build FAILED.

Time Elapsed 00:00:00.76
